

Started GET "/" for 127.0.0.1 at 2016-09-30 00:57:48 -0700

ActiveRecord::PendingMigrationError - 

Migrations are pending. To resolve this issue, run:

	bin/rake db:migrate RAILS_ENV=development

:
  activerecord (4.2.6) lib/active_record/migration.rb:392:in `check_pending!'
  activerecord (4.2.6) lib/active_record/migration.rb:373:in `call'
  actionpack (4.2.6) lib/action_dispatch/middleware/callbacks.rb:29:in `block in call'
  activesupport (4.2.6) lib/active_support/callbacks.rb:88:in `__run_callbacks__'
  activesupport (4.2.6) lib/active_support/callbacks.rb:778:in `_run_call_callbacks'
  activesupport (4.2.6) lib/active_support/callbacks.rb:81:in `run_callbacks'
  actionpack (4.2.6) lib/action_dispatch/middleware/callbacks.rb:27:in `call'
  actionpack (4.2.6) lib/action_dispatch/middleware/reloader.rb:73:in `call'
  actionpack (4.2.6) lib/action_dispatch/middleware/remote_ip.rb:78:in `call'
  better_errors (2.1.1) lib/better_errors/middleware.rb:84:in `protected_app_call'
  better_errors (2.1.1) lib/better_errors/middleware.rb:79:in `better_errors_call'
  better_errors (2.1.1) lib/better_errors/middleware.rb:57:in `call'
  actionpack (4.2.6) lib/action_dispatch/middleware/debug_exceptions.rb:17:in `call'
  web-console (2.3.0) lib/web_console/middleware.rb:28:in `block in call'
  web-console (2.3.0) lib/web_console/middleware.rb:18:in `call'
  actionpack (4.2.6) lib/action_dispatch/middleware/show_exceptions.rb:30:in `call'
  railties (4.2.6) lib/rails/rack/logger.rb:38:in `call_app'
  railties (4.2.6) lib/rails/rack/logger.rb:20:in `block in call'
  activesupport (4.2.6) lib/active_support/tagged_logging.rb:68:in `block in tagged'
  activesupport (4.2.6) lib/active_support/tagged_logging.rb:26:in `tagged'
  activesupport (4.2.6) lib/active_support/tagged_logging.rb:68:in `tagged'
  railties (4.2.6) lib/rails/rack/logger.rb:20:in `call'
  quiet_assets (1.1.0) lib/quiet_assets.rb:27:in `call_with_quiet_assets'
  actionpack (4.2.6) lib/action_dispatch/middleware/request_id.rb:21:in `call'
  rack (1.6.4) lib/rack/methodoverride.rb:22:in `call'
  rack (1.6.4) lib/rack/runtime.rb:18:in `call'
  activesupport (4.2.6) lib/active_support/cache/strategy/local_cache_middleware.rb:28:in `call'
  rack (1.6.4) lib/rack/lock.rb:17:in `call'
  actionpack (4.2.6) lib/action_dispatch/middleware/static.rb:120:in `call'
  rack (1.6.4) lib/rack/sendfile.rb:113:in `call'
  railties (4.2.6) lib/rails/engine.rb:518:in `call'
  railties (4.2.6) lib/rails/application.rb:165:in `call'
  rack (1.6.4) lib/rack/lock.rb:17:in `call'
  rack (1.6.4) lib/rack/content_length.rb:15:in `call'
  rack (1.6.4) lib/rack/handler/webrick.rb:88:in `service'
  /home/amiller94/.rvm/rubies/ruby-2.3.0/lib/ruby/2.3.0/webrick/httpserver.rb:140:in `service'
  /home/amiller94/.rvm/rubies/ruby-2.3.0/lib/ruby/2.3.0/webrick/httpserver.rb:96:in `run'
  /home/amiller94/.rvm/rubies/ruby-2.3.0/lib/ruby/2.3.0/webrick/server.rb:296:in `block in start_thread'



Started POST "/__better_errors/afe1eab156c6aec3/variables" for 127.0.0.1 at 2016-09-30 00:57:52 -0700


Started GET "/" for 127.0.0.1 at 2016-09-30 00:57:54 -0700

ActiveRecord::PendingMigrationError - 

Migrations are pending. To resolve this issue, run:

	bin/rake db:migrate RAILS_ENV=development

:
  activerecord (4.2.6) lib/active_record/migration.rb:392:in `check_pending!'
  activerecord (4.2.6) lib/active_record/migration.rb:373:in `call'
  actionpack (4.2.6) lib/action_dispatch/middleware/callbacks.rb:29:in `block in call'
  activesupport (4.2.6) lib/active_support/callbacks.rb:88:in `__run_callbacks__'
  activesupport (4.2.6) lib/active_support/callbacks.rb:778:in `_run_call_callbacks'
  activesupport (4.2.6) lib/active_support/callbacks.rb:81:in `run_callbacks'
  actionpack (4.2.6) lib/action_dispatch/middleware/callbacks.rb:27:in `call'
  actionpack (4.2.6) lib/action_dispatch/middleware/reloader.rb:73:in `call'
  actionpack (4.2.6) lib/action_dispatch/middleware/remote_ip.rb:78:in `call'
  better_errors (2.1.1) lib/better_errors/middleware.rb:84:in `protected_app_call'
  better_errors (2.1.1) lib/better_errors/middleware.rb:79:in `better_errors_call'
  better_errors (2.1.1) lib/better_errors/middleware.rb:57:in `call'
  actionpack (4.2.6) lib/action_dispatch/middleware/debug_exceptions.rb:17:in `call'
  web-console (2.3.0) lib/web_console/middleware.rb:28:in `block in call'
  web-console (2.3.0) lib/web_console/middleware.rb:18:in `call'
  actionpack (4.2.6) lib/action_dispatch/middleware/show_exceptions.rb:30:in `call'
  railties (4.2.6) lib/rails/rack/logger.rb:38:in `call_app'
  railties (4.2.6) lib/rails/rack/logger.rb:20:in `block in call'
  activesupport (4.2.6) lib/active_support/tagged_logging.rb:68:in `block in tagged'
  activesupport (4.2.6) lib/active_support/tagged_logging.rb:26:in `tagged'
  activesupport (4.2.6) lib/active_support/tagged_logging.rb:68:in `tagged'
  railties (4.2.6) lib/rails/rack/logger.rb:20:in `call'
  quiet_assets (1.1.0) lib/quiet_assets.rb:27:in `call_with_quiet_assets'
  actionpack (4.2.6) lib/action_dispatch/middleware/request_id.rb:21:in `call'
  rack (1.6.4) lib/rack/methodoverride.rb:22:in `call'
  rack (1.6.4) lib/rack/runtime.rb:18:in `call'
  activesupport (4.2.6) lib/active_support/cache/strategy/local_cache_middleware.rb:28:in `call'
  rack (1.6.4) lib/rack/lock.rb:17:in `call'
  actionpack (4.2.6) lib/action_dispatch/middleware/static.rb:120:in `call'
  rack (1.6.4) lib/rack/sendfile.rb:113:in `call'
  railties (4.2.6) lib/rails/engine.rb:518:in `call'
  railties (4.2.6) lib/rails/application.rb:165:in `call'
  rack (1.6.4) lib/rack/lock.rb:17:in `call'
  rack (1.6.4) lib/rack/content_length.rb:15:in `call'
  rack (1.6.4) lib/rack/handler/webrick.rb:88:in `service'
  /home/amiller94/.rvm/rubies/ruby-2.3.0/lib/ruby/2.3.0/webrick/httpserver.rb:140:in `service'
  /home/amiller94/.rvm/rubies/ruby-2.3.0/lib/ruby/2.3.0/webrick/httpserver.rb:96:in `run'
  /home/amiller94/.rvm/rubies/ruby-2.3.0/lib/ruby/2.3.0/webrick/server.rb:296:in `block in start_thread'



Started POST "/__better_errors/4d4538b2a656288c/variables" for 127.0.0.1 at 2016-09-30 00:57:55 -0700
  [1m[36m (6.8ms)[0m  [1mCREATE TABLE "schema_migrations" ("version" varchar NOT NULL) [0m
  [1m[35m (0.3ms)[0m  select sqlite_version(*)
  [1m[36m (6.8ms)[0m  [1mCREATE UNIQUE INDEX "unique_schema_migrations" ON "schema_migrations" ("version")[0m
  [1m[35mActiveRecord::SchemaMigration Load (0.4ms)[0m  SELECT "schema_migrations".* FROM "schema_migrations"
Migrating to DeviseCreateUsers (20160930025654)
  [1m[36m (0.2ms)[0m  [1mbegin transaction[0m
  [1m[35m (4.6ms)[0m  CREATE TABLE "users" ("id" INTEGER PRIMARY KEY AUTOINCREMENT NOT NULL, "email" varchar DEFAULT '' NOT NULL, "encrypted_password" varchar DEFAULT '' NOT NULL, "reset_password_token" varchar, "reset_password_sent_at" datetime, "remember_created_at" datetime, "sign_in_count" integer DEFAULT 0 NOT NULL, "current_sign_in_at" datetime, "last_sign_in_at" datetime, "current_sign_in_ip" varchar, "last_sign_in_ip" varchar, "created_at" datetime NOT NULL, "updated_at" datetime NOT NULL) 
  [1m[36m (58.4ms)[0m  [1mCREATE UNIQUE INDEX "index_users_on_email" ON "users" ("email")[0m
  [1m[35m (0.6ms)[0m              SELECT sql
            FROM sqlite_master
            WHERE name='index_users_on_email' AND type='index'
            UNION ALL
            SELECT sql
            FROM sqlite_temp_master
            WHERE name='index_users_on_email' AND type='index'

  [1m[36m (0.6ms)[0m  [1mCREATE UNIQUE INDEX "index_users_on_reset_password_token" ON "users" ("reset_password_token")[0m
  [1m[35mSQL (0.6ms)[0m  INSERT INTO "schema_migrations" ("version") VALUES (?)  [["version", "20160930025654"]]
  [1m[36m (18.4ms)[0m  [1mcommit transaction[0m
Migrating to CreateRentals (20160930032616)
  [1m[35m (0.1ms)[0m  begin transaction
  [1m[36m (0.7ms)[0m  [1mCREATE TABLE "rentals" ("id" INTEGER PRIMARY KEY AUTOINCREMENT NOT NULL, "addr_full_adress" varchar, "addr_street_name" varchar, "addr_street_num" integer, "addr_zip" integer, "addr_city" varchar, "addr_state" varchar, "dets_beds" integer, "dets_baths" integer, "dets_is_complex" boolean, "dets_stories" integer, "dets_company_owned" boolean, "dets_owner" varchar, "amen_parking" boolean, "amen_pets" boolean, "amen_washer_dryer" boolean, "amen_pool" boolean, "amen_spa" boolean, "amen_gym" boolean, "amen_dishwasher" boolean, "amen_central_air" boolean, "amen_heater" boolean, "util_gas" boolean, "util_electricity" boolean, "util_trash" boolean, "util_water" boolean, "util_tv" boolean, "util_wifi" boolean, "created_at" datetime NOT NULL, "updated_at" datetime NOT NULL) [0m
  [1m[35mSQL (0.4ms)[0m  INSERT INTO "schema_migrations" ("version") VALUES (?)  [["version", "20160930032616"]]
  [1m[36m (4.3ms)[0m  [1mcommit transaction[0m
Migrating to CreateReviews (20160930033549)
  [1m[35m (0.2ms)[0m  begin transaction
  [1m[36m (0.9ms)[0m  [1mCREATE TABLE "reviews" ("id" INTEGER PRIMARY KEY AUTOINCREMENT NOT NULL, "overall" integer, "safety" integer, "clean" integer, "noise" integer, "price" integer, "comment" varchar, "rental_id" integer, "user_id" integer, "created_at" datetime NOT NULL, "updated_at" datetime NOT NULL) [0m
  [1m[35m (0.5ms)[0m  CREATE  INDEX "index_reviews_on_rental_id" ON "reviews" ("rental_id")
  [1m[36m (0.5ms)[0m  [1m            SELECT sql
            FROM sqlite_master
            WHERE name='index_reviews_on_rental_id' AND type='index'
            UNION ALL
            SELECT sql
            FROM sqlite_temp_master
            WHERE name='index_reviews_on_rental_id' AND type='index'
[0m
  [1m[35m (0.8ms)[0m  CREATE  INDEX "index_reviews_on_user_id" ON "reviews" ("user_id")
  [1m[36mSQL (0.4ms)[0m  [1mINSERT INTO "schema_migrations" ("version") VALUES (?)[0m  [["version", "20160930033549"]]
  [1m[35m (7.3ms)[0m  commit transaction
Migrating to CreateImages (20160930062439)
  [1m[36m (0.3ms)[0m  [1mbegin transaction[0m
  [1m[35m (2.0ms)[0m  CREATE TABLE "images" ("id" INTEGER PRIMARY KEY AUTOINCREMENT NOT NULL, "filename" varchar, "rental_id" integer, "created_at" datetime NOT NULL, "updated_at" datetime NOT NULL) 
  [1m[36m (0.7ms)[0m  [1mCREATE  INDEX "index_images_on_rental_id" ON "images" ("rental_id")[0m
  [1m[35mSQL (1.7ms)[0m  INSERT INTO "schema_migrations" ("version") VALUES (?)  [["version", "20160930062439"]]
  [1m[36m (18.7ms)[0m  [1mcommit transaction[0m
  [1m[35mActiveRecord::SchemaMigration Load (0.2ms)[0m  SELECT "schema_migrations".* FROM "schema_migrations"
  [1m[36m (0.2ms)[0m  [1m            SELECT sql
            FROM sqlite_master
            WHERE name='index_images_on_rental_id' AND type='index'
            UNION ALL
            SELECT sql
            FROM sqlite_temp_master
            WHERE name='index_images_on_rental_id' AND type='index'
[0m
  [1m[35m (0.3ms)[0m              SELECT sql
            FROM sqlite_master
            WHERE name='index_reviews_on_user_id' AND type='index'
            UNION ALL
            SELECT sql
            FROM sqlite_temp_master
            WHERE name='index_reviews_on_user_id' AND type='index'

  [1m[36m (0.2ms)[0m  [1m            SELECT sql
            FROM sqlite_master
            WHERE name='index_reviews_on_rental_id' AND type='index'
            UNION ALL
            SELECT sql
            FROM sqlite_temp_master
            WHERE name='index_reviews_on_rental_id' AND type='index'
[0m
  [1m[35m (0.2ms)[0m              SELECT sql
            FROM sqlite_master
            WHERE name='index_users_on_reset_password_token' AND type='index'
            UNION ALL
            SELECT sql
            FROM sqlite_temp_master
            WHERE name='index_users_on_reset_password_token' AND type='index'

  [1m[36m (0.2ms)[0m  [1m            SELECT sql
            FROM sqlite_master
            WHERE name='index_users_on_email' AND type='index'
            UNION ALL
            SELECT sql
            FROM sqlite_temp_master
            WHERE name='index_users_on_email' AND type='index'
[0m


Started GET "/" for 127.0.0.1 at 2016-09-30 00:58:53 -0700
  [1m[36mActiveRecord::SchemaMigration Load (0.1ms)[0m  [1mSELECT "schema_migrations".* FROM "schema_migrations"[0m
Processing by RentalsController#index as HTML
  [1m[35mRental Load (0.3ms)[0m  SELECT "rentals".* FROM "rentals"
  Rendered rentals/index.html.erb within layouts/application (11.9ms)
Completed 200 OK in 3605ms (Views: 3513.3ms | ActiveRecord: 0.5ms)
  [1m[36m (3.0ms)[0m  [1mCREATE TABLE "schema_migrations" ("version" varchar NOT NULL) [0m
  [1m[35m (0.1ms)[0m  select sqlite_version(*)
  [1m[36m (2.5ms)[0m  [1mCREATE UNIQUE INDEX "unique_schema_migrations" ON "schema_migrations" ("version")[0m
  [1m[35mActiveRecord::SchemaMigration Load (0.2ms)[0m  SELECT "schema_migrations".* FROM "schema_migrations"
Migrating to DeviseCreateUsers (20160930025654)
  [1m[36m (0.1ms)[0m  [1mbegin transaction[0m
  [1m[35m (0.6ms)[0m  CREATE TABLE "users" ("id" INTEGER PRIMARY KEY AUTOINCREMENT NOT NULL, "email" varchar DEFAULT '' NOT NULL, "encrypted_password" varchar DEFAULT '' NOT NULL, "reset_password_token" varchar, "reset_password_sent_at" datetime, "remember_created_at" datetime, "sign_in_count" integer DEFAULT 0 NOT NULL, "current_sign_in_at" datetime, "last_sign_in_at" datetime, "current_sign_in_ip" varchar, "last_sign_in_ip" varchar, "created_at" datetime NOT NULL, "updated_at" datetime NOT NULL) 
  [1m[36m (0.3ms)[0m  [1mCREATE UNIQUE INDEX "index_users_on_email" ON "users" ("email")[0m
  [1m[35m (0.1ms)[0m              SELECT sql
            FROM sqlite_master
            WHERE name='index_users_on_email' AND type='index'
            UNION ALL
            SELECT sql
            FROM sqlite_temp_master
            WHERE name='index_users_on_email' AND type='index'

  [1m[36m (0.2ms)[0m  [1mCREATE UNIQUE INDEX "index_users_on_reset_password_token" ON "users" ("reset_password_token")[0m
  [1m[35mSQL (0.2ms)[0m  INSERT INTO "schema_migrations" ("version") VALUES (?)  [["version", "20160930025654"]]
  [1m[36m (4.3ms)[0m  [1mcommit transaction[0m
Migrating to CreateRentals (20160930032616)
  [1m[35m (0.2ms)[0m  begin transaction
  [1m[36m (0.3ms)[0m  [1mCREATE TABLE "rentals" ("id" INTEGER PRIMARY KEY AUTOINCREMENT NOT NULL, "addr_full_adress" varchar, "addr_street_name" varchar, "addr_street_num" integer, "addr_zip" integer, "addr_city" varchar, "addr_state" varchar, "dets_beds" integer, "dets_baths" integer, "dets_is_complex" boolean, "dets_stories" integer, "dets_company_owned" boolean, "dets_owner" varchar, "amen_parking" boolean, "amen_pets" boolean, "amen_washer_dryer" boolean, "amen_pool" boolean, "amen_spa" boolean, "amen_gym" boolean, "amen_dishwasher" boolean, "amen_central_air" boolean, "amen_heater" boolean, "util_gas" boolean, "util_electricity" boolean, "util_trash" boolean, "util_water" boolean, "util_tv" boolean, "util_wifi" boolean, "created_at" datetime NOT NULL, "updated_at" datetime NOT NULL) [0m
  [1m[35mSQL (0.1ms)[0m  INSERT INTO "schema_migrations" ("version") VALUES (?)  [["version", "20160930032616"]]
  [1m[36m (8.7ms)[0m  [1mcommit transaction[0m
Migrating to CreateReviews (20160930033549)
  [1m[35m (1.2ms)[0m  begin transaction
  [1m[36m (0.5ms)[0m  [1mCREATE TABLE "reviews" ("id" INTEGER PRIMARY KEY AUTOINCREMENT NOT NULL, "overall" integer, "safety" integer, "clean" integer, "noise" integer, "price" integer, "comment" varchar, "rental_id" integer, "user_id" integer, "created_at" datetime NOT NULL, "updated_at" datetime NOT NULL) [0m
  [1m[35m (0.2ms)[0m  CREATE  INDEX "index_reviews_on_rental_id" ON "reviews" ("rental_id")
  [1m[36m (0.1ms)[0m  [1m            SELECT sql
            FROM sqlite_master
            WHERE name='index_reviews_on_rental_id' AND type='index'
            UNION ALL
            SELECT sql
            FROM sqlite_temp_master
            WHERE name='index_reviews_on_rental_id' AND type='index'
[0m
  [1m[35m (0.4ms)[0m  CREATE  INDEX "index_reviews_on_user_id" ON "reviews" ("user_id")
  [1m[36mSQL (0.1ms)[0m  [1mINSERT INTO "schema_migrations" ("version") VALUES (?)[0m  [["version", "20160930033549"]]
  [1m[35m (4.0ms)[0m  commit transaction
Migrating to CreateImages (20160930062439)
  [1m[36m (0.1ms)[0m  [1mbegin transaction[0m
  [1m[35m (0.3ms)[0m  CREATE TABLE "images" ("id" INTEGER PRIMARY KEY AUTOINCREMENT NOT NULL, "filename" varchar, "rental_id" integer, "created_at" datetime NOT NULL, "updated_at" datetime NOT NULL) 
  [1m[36m (0.1ms)[0m  [1mCREATE  INDEX "index_images_on_rental_id" ON "images" ("rental_id")[0m
  [1m[35mSQL (0.1ms)[0m  INSERT INTO "schema_migrations" ("version") VALUES (?)  [["version", "20160930062439"]]
  [1m[36m (3.7ms)[0m  [1mcommit transaction[0m
  [1m[35mActiveRecord::SchemaMigration Load (0.1ms)[0m  SELECT "schema_migrations".* FROM "schema_migrations"
  [1m[36m (0.1ms)[0m  [1m            SELECT sql
            FROM sqlite_master
            WHERE name='index_images_on_rental_id' AND type='index'
            UNION ALL
            SELECT sql
            FROM sqlite_temp_master
            WHERE name='index_images_on_rental_id' AND type='index'
[0m
  [1m[35m (0.1ms)[0m              SELECT sql
            FROM sqlite_master
            WHERE name='index_reviews_on_user_id' AND type='index'
            UNION ALL
            SELECT sql
            FROM sqlite_temp_master
            WHERE name='index_reviews_on_user_id' AND type='index'

  [1m[36m (0.1ms)[0m  [1m            SELECT sql
            FROM sqlite_master
            WHERE name='index_reviews_on_rental_id' AND type='index'
            UNION ALL
            SELECT sql
            FROM sqlite_temp_master
            WHERE name='index_reviews_on_rental_id' AND type='index'
[0m
  [1m[35m (0.1ms)[0m              SELECT sql
            FROM sqlite_master
            WHERE name='index_users_on_reset_password_token' AND type='index'
            UNION ALL
            SELECT sql
            FROM sqlite_temp_master
            WHERE name='index_users_on_reset_password_token' AND type='index'

  [1m[36m (0.1ms)[0m  [1m            SELECT sql
            FROM sqlite_master
            WHERE name='index_users_on_email' AND type='index'
            UNION ALL
            SELECT sql
            FROM sqlite_temp_master
            WHERE name='index_users_on_email' AND type='index'
[0m
  [1m[36mActiveRecord::SchemaMigration Load (0.1ms)[0m  [1mSELECT "schema_migrations".* FROM "schema_migrations"[0m
  [1m[36m (4.4ms)[0m  [1mCREATE TABLE "schema_migrations" ("version" varchar NOT NULL) [0m
  [1m[35m (0.1ms)[0m  select sqlite_version(*)
  [1m[36m (3.4ms)[0m  [1mCREATE UNIQUE INDEX "unique_schema_migrations" ON "schema_migrations" ("version")[0m
  [1m[35mActiveRecord::SchemaMigration Load (0.1ms)[0m  SELECT "schema_migrations".* FROM "schema_migrations"
Migrating to DeviseCreateUsers (20160930025654)
  [1m[36m (0.1ms)[0m  [1mbegin transaction[0m
  [1m[35m (0.5ms)[0m  CREATE TABLE "users" ("id" INTEGER PRIMARY KEY AUTOINCREMENT NOT NULL, "email" varchar DEFAULT '' NOT NULL, "encrypted_password" varchar DEFAULT '' NOT NULL, "reset_password_token" varchar, "reset_password_sent_at" datetime, "remember_created_at" datetime, "sign_in_count" integer DEFAULT 0 NOT NULL, "current_sign_in_at" datetime, "last_sign_in_at" datetime, "current_sign_in_ip" varchar, "last_sign_in_ip" varchar, "created_at" datetime NOT NULL, "updated_at" datetime NOT NULL) 
  [1m[36m (0.3ms)[0m  [1mCREATE UNIQUE INDEX "index_users_on_email" ON "users" ("email")[0m
  [1m[35m (0.1ms)[0m              SELECT sql
            FROM sqlite_master
            WHERE name='index_users_on_email' AND type='index'
            UNION ALL
            SELECT sql
            FROM sqlite_temp_master
            WHERE name='index_users_on_email' AND type='index'

  [1m[36m (0.2ms)[0m  [1mCREATE UNIQUE INDEX "index_users_on_reset_password_token" ON "users" ("reset_password_token")[0m
  [1m[35mSQL (0.2ms)[0m  INSERT INTO "schema_migrations" ("version") VALUES (?)  [["version", "20160930025654"]]
  [1m[36m (4.3ms)[0m  [1mcommit transaction[0m
Migrating to CreateRentals (20160930032616)
  [1m[35m (0.1ms)[0m  begin transaction
  [1m[36m (0.5ms)[0m  [1mCREATE TABLE "rentals" ("id" INTEGER PRIMARY KEY AUTOINCREMENT NOT NULL, "addr_full_adress" varchar, "addr_street_name" varchar, "addr_street_num" integer, "addr_zip" integer, "addr_city" varchar, "addr_state" varchar, "dets_beds" integer, "dets_baths" integer, "dets_is_complex" boolean, "dets_stories" integer, "dets_company_owned" boolean, "dets_owner" varchar, "amen_parking" boolean, "amen_pets" boolean, "amen_washer_dryer" boolean, "amen_pool" boolean, "amen_spa" boolean, "amen_gym" boolean, "amen_dishwasher" boolean, "amen_central_air" boolean, "amen_heater" boolean, "util_gas" boolean, "util_electricity" boolean, "util_trash" boolean, "util_water" boolean, "util_tv" boolean, "util_wifi" boolean, "created_at" datetime NOT NULL, "updated_at" datetime NOT NULL) [0m
  [1m[35mSQL (0.3ms)[0m  INSERT INTO "schema_migrations" ("version") VALUES (?)  [["version", "20160930032616"]]
  [1m[36m (3.0ms)[0m  [1mcommit transaction[0m
Migrating to CreateReviews (20160930033549)
  [1m[35m (0.1ms)[0m  begin transaction
  [1m[36m (0.3ms)[0m  [1mCREATE TABLE "reviews" ("id" INTEGER PRIMARY KEY AUTOINCREMENT NOT NULL, "overall" integer, "safety" integer, "clean" integer, "noise" integer, "price" integer, "comment" varchar, "rental_id" integer, "user_id" integer, "created_at" datetime NOT NULL, "updated_at" datetime NOT NULL) [0m
  [1m[35m (0.1ms)[0m  CREATE  INDEX "index_reviews_on_rental_id" ON "reviews" ("rental_id")
  [1m[36m (0.1ms)[0m  [1m            SELECT sql
            FROM sqlite_master
            WHERE name='index_reviews_on_rental_id' AND type='index'
            UNION ALL
            SELECT sql
            FROM sqlite_temp_master
            WHERE name='index_reviews_on_rental_id' AND type='index'
[0m
  [1m[35m (0.1ms)[0m  CREATE  INDEX "index_reviews_on_user_id" ON "reviews" ("user_id")
  [1m[36mSQL (0.1ms)[0m  [1mINSERT INTO "schema_migrations" ("version") VALUES (?)[0m  [["version", "20160930033549"]]
  [1m[35m (3.6ms)[0m  commit transaction
Migrating to CreateImages (20160930062439)
  [1m[36m (0.1ms)[0m  [1mbegin transaction[0m
  [1m[35m (0.5ms)[0m  CREATE TABLE "images" ("id" INTEGER PRIMARY KEY AUTOINCREMENT NOT NULL, "filename" varchar, "rental_id" integer, "created_at" datetime NOT NULL, "updated_at" datetime NOT NULL) 
  [1m[36m (0.2ms)[0m  [1mCREATE  INDEX "index_images_on_rental_id" ON "images" ("rental_id")[0m
  [1m[35mSQL (0.2ms)[0m  INSERT INTO "schema_migrations" ("version") VALUES (?)  [["version", "20160930062439"]]
  [1m[36m (3.4ms)[0m  [1mcommit transaction[0m
  [1m[35mActiveRecord::SchemaMigration Load (0.1ms)[0m  SELECT "schema_migrations".* FROM "schema_migrations"
  [1m[36m (0.1ms)[0m  [1m            SELECT sql
            FROM sqlite_master
            WHERE name='index_images_on_rental_id' AND type='index'
            UNION ALL
            SELECT sql
            FROM sqlite_temp_master
            WHERE name='index_images_on_rental_id' AND type='index'
[0m
  [1m[35m (0.1ms)[0m              SELECT sql
            FROM sqlite_master
            WHERE name='index_reviews_on_user_id' AND type='index'
            UNION ALL
            SELECT sql
            FROM sqlite_temp_master
            WHERE name='index_reviews_on_user_id' AND type='index'

  [1m[36m (0.1ms)[0m  [1m            SELECT sql
            FROM sqlite_master
            WHERE name='index_reviews_on_rental_id' AND type='index'
            UNION ALL
            SELECT sql
            FROM sqlite_temp_master
            WHERE name='index_reviews_on_rental_id' AND type='index'
[0m
  [1m[35m (0.1ms)[0m              SELECT sql
            FROM sqlite_master
            WHERE name='index_users_on_reset_password_token' AND type='index'
            UNION ALL
            SELECT sql
            FROM sqlite_temp_master
            WHERE name='index_users_on_reset_password_token' AND type='index'

  [1m[36m (0.1ms)[0m  [1m            SELECT sql
            FROM sqlite_master
            WHERE name='index_users_on_email' AND type='index'
            UNION ALL
            SELECT sql
            FROM sqlite_temp_master
            WHERE name='index_users_on_email' AND type='index'
[0m
  [1m[36mActiveRecord::SchemaMigration Load (0.3ms)[0m  [1mSELECT "schema_migrations".* FROM "schema_migrations"[0m


Started GET "/" for 127.0.0.1 at 2016-09-30 01:02:23 -0700
Processing by RentalsController#index as HTML
  [1m[36mRental Load (0.6ms)[0m  [1mSELECT "rentals".* FROM "rentals"[0m
  Rendered rentals/index.html.erb within layouts/application (5.8ms)
Completed 200 OK in 89ms (Views: 62.5ms | ActiveRecord: 1.4ms)
  [1m[36m (29.1ms)[0m  [1mCREATE TABLE "schema_migrations" ("version" varchar NOT NULL) [0m
  [1m[35m (0.2ms)[0m  select sqlite_version(*)
  [1m[36m (4.0ms)[0m  [1mCREATE UNIQUE INDEX "unique_schema_migrations" ON "schema_migrations" ("version")[0m
  [1m[35mActiveRecord::SchemaMigration Load (0.2ms)[0m  SELECT "schema_migrations".* FROM "schema_migrations"
Migrating to DeviseCreateUsers (20160930025654)
  [1m[36m (0.1ms)[0m  [1mbegin transaction[0m
  [1m[35m (0.6ms)[0m  CREATE TABLE "users" ("id" INTEGER PRIMARY KEY AUTOINCREMENT NOT NULL, "email" varchar DEFAULT '' NOT NULL, "encrypted_password" varchar DEFAULT '' NOT NULL, "reset_password_token" varchar, "reset_password_sent_at" datetime, "remember_created_at" datetime, "sign_in_count" integer DEFAULT 0 NOT NULL, "current_sign_in_at" datetime, "last_sign_in_at" datetime, "current_sign_in_ip" varchar, "last_sign_in_ip" varchar, "created_at" datetime NOT NULL, "updated_at" datetime NOT NULL) 
  [1m[36m (0.4ms)[0m  [1mCREATE UNIQUE INDEX "index_users_on_email" ON "users" ("email")[0m
  [1m[35m (0.2ms)[0m              SELECT sql
            FROM sqlite_master
            WHERE name='index_users_on_email' AND type='index'
            UNION ALL
            SELECT sql
            FROM sqlite_temp_master
            WHERE name='index_users_on_email' AND type='index'

  [1m[36m (0.3ms)[0m  [1mCREATE UNIQUE INDEX "index_users_on_reset_password_token" ON "users" ("reset_password_token")[0m
  [1m[35mSQL (0.2ms)[0m  INSERT INTO "schema_migrations" ("version") VALUES (?)  [["version", "20160930025654"]]
  [1m[36m (12.6ms)[0m  [1mcommit transaction[0m
Migrating to CreateRentals (20160930032616)
  [1m[35m (0.1ms)[0m  begin transaction
  [1m[36m (1.0ms)[0m  [1mCREATE TABLE "rentals" ("id" INTEGER PRIMARY KEY AUTOINCREMENT NOT NULL, "addr_full_adress" varchar, "addr_street_name" varchar, "addr_street_num" integer, "addr_zip" integer, "addr_city" varchar, "addr_state" varchar, "dets_beds" integer, "dets_baths" integer, "dets_is_complex" boolean, "dets_stories" integer, "dets_company_owned" boolean, "dets_owner" varchar, "amen_parking" boolean, "amen_pets" boolean, "amen_washer_dryer" boolean, "amen_pool" boolean, "amen_spa" boolean, "amen_gym" boolean, "amen_dishwasher" boolean, "amen_central_air" boolean, "amen_heater" boolean, "util_gas" boolean, "util_electricity" boolean, "util_trash" boolean, "util_water" boolean, "util_tv" boolean, "util_wifi" boolean, "created_at" datetime NOT NULL, "updated_at" datetime NOT NULL) [0m
  [1m[35mSQL (0.2ms)[0m  INSERT INTO "schema_migrations" ("version") VALUES (?)  [["version", "20160930032616"]]
  [1m[36m (4.8ms)[0m  [1mcommit transaction[0m
Migrating to CreateReviews (20160930033549)
  [1m[35m (0.1ms)[0m  begin transaction
  [1m[36m (0.5ms)[0m  [1mCREATE TABLE "reviews" ("id" INTEGER PRIMARY KEY AUTOINCREMENT NOT NULL, "overall" integer, "safety" integer, "clean" integer, "noise" integer, "price" integer, "comment" varchar, "rental_id" integer, "user_id" integer, "created_at" datetime NOT NULL, "updated_at" datetime NOT NULL) [0m
  [1m[35m (0.2ms)[0m  CREATE  INDEX "index_reviews_on_rental_id" ON "reviews" ("rental_id")
  [1m[36m (0.1ms)[0m  [1m            SELECT sql
            FROM sqlite_master
            WHERE name='index_reviews_on_rental_id' AND type='index'
            UNION ALL
            SELECT sql
            FROM sqlite_temp_master
            WHERE name='index_reviews_on_rental_id' AND type='index'
[0m
  [1m[35m (0.2ms)[0m  CREATE  INDEX "index_reviews_on_user_id" ON "reviews" ("user_id")
  [1m[36mSQL (0.2ms)[0m  [1mINSERT INTO "schema_migrations" ("version") VALUES (?)[0m  [["version", "20160930033549"]]
  [1m[35m (4.5ms)[0m  commit transaction
Migrating to CreateImages (20160930062439)
  [1m[36m (0.1ms)[0m  [1mbegin transaction[0m
  [1m[35m (0.5ms)[0m  CREATE TABLE "images" ("id" INTEGER PRIMARY KEY AUTOINCREMENT NOT NULL, "filename" varchar, "rental_id" integer, "created_at" datetime NOT NULL, "updated_at" datetime NOT NULL) 
  [1m[36m (0.3ms)[0m  [1mCREATE  INDEX "index_images_on_rental_id" ON "images" ("rental_id")[0m
  [1m[35mSQL (0.4ms)[0m  INSERT INTO "schema_migrations" ("version") VALUES (?)  [["version", "20160930062439"]]
  [1m[36m (4.1ms)[0m  [1mcommit transaction[0m
  [1m[35mActiveRecord::SchemaMigration Load (0.1ms)[0m  SELECT "schema_migrations".* FROM "schema_migrations"
  [1m[36m (0.2ms)[0m  [1m            SELECT sql
            FROM sqlite_master
            WHERE name='index_images_on_rental_id' AND type='index'
            UNION ALL
            SELECT sql
            FROM sqlite_temp_master
            WHERE name='index_images_on_rental_id' AND type='index'
[0m
  [1m[35m (0.2ms)[0m              SELECT sql
            FROM sqlite_master
            WHERE name='index_reviews_on_user_id' AND type='index'
            UNION ALL
            SELECT sql
            FROM sqlite_temp_master
            WHERE name='index_reviews_on_user_id' AND type='index'

  [1m[36m (0.1ms)[0m  [1m            SELECT sql
            FROM sqlite_master
            WHERE name='index_reviews_on_rental_id' AND type='index'
            UNION ALL
            SELECT sql
            FROM sqlite_temp_master
            WHERE name='index_reviews_on_rental_id' AND type='index'
[0m
  [1m[35m (0.2ms)[0m              SELECT sql
            FROM sqlite_master
            WHERE name='index_users_on_reset_password_token' AND type='index'
            UNION ALL
            SELECT sql
            FROM sqlite_temp_master
            WHERE name='index_users_on_reset_password_token' AND type='index'

  [1m[36m (0.1ms)[0m  [1m            SELECT sql
            FROM sqlite_master
            WHERE name='index_users_on_email' AND type='index'
            UNION ALL
            SELECT sql
            FROM sqlite_temp_master
            WHERE name='index_users_on_email' AND type='index'
[0m
  [1m[36mActiveRecord::SchemaMigration Load (0.1ms)[0m  [1mSELECT "schema_migrations".* FROM "schema_migrations"[0m
  [1m[35m (0.1ms)[0m  begin transaction
  [1m[36mUser Exists (0.9ms)[0m  [1mSELECT  1 AS one FROM "users" WHERE "users"."email" = 'a@a.com' LIMIT 1[0m
  [1m[35mSQL (0.8ms)[0m  INSERT INTO "users" ("email", "encrypted_password", "created_at", "updated_at") VALUES (?, ?, ?, ?)  [["email", "a@a.com"], ["encrypted_password", "$2a$11$U452S.s7hKOi9ZCnQ/g5DeUrB067vygdFmXIB89OF.pTY.vsalDKe"], ["created_at", "2016-09-30 08:03:28.413965"], ["updated_at", "2016-09-30 08:03:28.413965"]]
  [1m[36m (7.3ms)[0m  [1mcommit transaction[0m
  [1m[35m (0.2ms)[0m  begin transaction
  [1m[36mUser Exists (0.4ms)[0m  [1mSELECT  1 AS one FROM "users" WHERE "users"."email" = 'b@b.com' LIMIT 1[0m
  [1m[35mSQL (0.5ms)[0m  INSERT INTO "users" ("email", "encrypted_password", "created_at", "updated_at") VALUES (?, ?, ?, ?)  [["email", "b@b.com"], ["encrypted_password", "$2a$11$3u3ecYMxwMtb8cXTaCN8Au3/3HLiolFFcGnocVWH2VhdqLGD9RTuO"], ["created_at", "2016-09-30 08:03:29.021459"], ["updated_at", "2016-09-30 08:03:29.021459"]]
  [1m[36m (18.1ms)[0m  [1mcommit transaction[0m
  [1m[35m (0.2ms)[0m  begin transaction
  [1m[36mUser Exists (0.4ms)[0m  [1mSELECT  1 AS one FROM "users" WHERE "users"."email" = 'c@c.com' LIMIT 1[0m
  [1m[35mSQL (0.6ms)[0m  INSERT INTO "users" ("email", "encrypted_password", "created_at", "updated_at") VALUES (?, ?, ?, ?)  [["email", "c@c.com"], ["encrypted_password", "$2a$11$ZkH.SPqRCx6EIfRbzliDIerZ8E5jVfxpdAqu5OKBpq8YGzh4kjzOi"], ["created_at", "2016-09-30 08:03:29.659225"], ["updated_at", "2016-09-30 08:03:29.659225"]]
  [1m[36m (35.6ms)[0m  [1mcommit transaction[0m
  [1m[35m (0.2ms)[0m  begin transaction
  [1m[36mSQL (1.6ms)[0m  [1mINSERT INTO "rentals" ("addr_full_adress", "addr_street_name", "addr_street_num", "addr_zip", "addr_city", "addr_state", "dets_beds", "dets_baths", "dets_is_complex", "dets_stories", "dets_company_owned", "dets_owner", "amen_parking", "amen_pets", "amen_washer_dryer", "amen_pool", "amen_spa", "amen_gym", "amen_dishwasher", "amen_central_air", "amen_heater", "util_gas", "util_electricity", "util_trash", "util_water", "util_tv", "util_wifi", "created_at", "updated_at") VALUES (?, ?, ?, ?, ?, ?, ?, ?, ?, ?, ?, ?, ?, ?, ?, ?, ?, ?, ?, ?, ?, ?, ?, ?, ?, ?, ?, ?, ?)[0m  [["addr_full_adress", "208 Wollaston Ave Arlington MA 02476"], ["addr_street_name", "Wollaston Ave"], ["addr_street_num", 208], ["addr_zip", 2476], ["addr_city", "Arlington"], ["addr_state", "MA"], ["dets_beds", 3], ["dets_baths", 2], ["dets_is_complex", "f"], ["dets_stories", 2], ["dets_company_owned", "f"], ["dets_owner", ""], ["amen_parking", "t"], ["amen_pets", "f"], ["amen_washer_dryer", "t"], ["amen_pool", "t"], ["amen_spa", "f"], ["amen_gym", "f"], ["amen_dishwasher", "f"], ["amen_central_air", "t"], ["amen_heater", "t"], ["util_gas", "f"], ["util_electricity", "f"], ["util_trash", "t"], ["util_water", "t"], ["util_tv", "f"], ["util_wifi", "t"], ["created_at", "2016-09-30 08:03:29.777573"], ["updated_at", "2016-09-30 08:03:29.777573"]]
  [1m[35m (6.7ms)[0m  commit transaction
  [1m[36m (0.3ms)[0m  [1mbegin transaction[0m
  [1m[35mSQL (1.1ms)[0m  INSERT INTO "rentals" ("addr_full_adress", "addr_street_name", "addr_street_num", "addr_zip", "addr_city", "addr_state", "dets_beds", "dets_baths", "dets_is_complex", "dets_stories", "dets_company_owned", "dets_owner", "amen_parking", "amen_pets", "amen_washer_dryer", "amen_pool", "amen_spa", "amen_gym", "amen_dishwasher", "amen_central_air", "amen_heater", "util_gas", "util_electricity", "util_trash", "util_water", "util_tv", "util_wifi", "created_at", "updated_at") VALUES (?, ?, ?, ?, ?, ?, ?, ?, ?, ?, ?, ?, ?, ?, ?, ?, ?, ?, ?, ?, ?, ?, ?, ?, ?, ?, ?, ?, ?)  [["addr_full_adress", "201 Chilean Ave Palm Beach FL 33480"], ["addr_street_name", "Chilean Ave"], ["addr_street_num", 201], ["addr_zip", 33480], ["addr_city", "Palm Beach"], ["addr_state", "FL"], ["dets_beds", 2], ["dets_baths", 1], ["dets_is_complex", "t"], ["dets_stories", 2], ["dets_company_owned", "t"], ["dets_owner", "John Doe"], ["amen_parking", "f"], ["amen_pets", "t"], ["amen_washer_dryer", "t"], ["amen_pool", "f"], ["amen_spa", "t"], ["amen_gym", "f"], ["amen_dishwasher", "f"], ["amen_central_air", "t"], ["amen_heater", "f"], ["util_gas", "f"], ["util_electricity", "f"], ["util_trash", "t"], ["util_water", "f"], ["util_tv", "t"], ["util_wifi", "f"], ["created_at", "2016-09-30 08:03:29.798409"], ["updated_at", "2016-09-30 08:03:29.798409"]]
  [1m[36m (5.4ms)[0m  [1mcommit transaction[0m
  [1m[35m (0.2ms)[0m  begin transaction
  [1m[36mSQL (0.9ms)[0m  [1mINSERT INTO "reviews" ("overall", "safety", "clean", "noise", "price", "comment", "rental_id", "user_id", "created_at", "updated_at") VALUES (?, ?, ?, ?, ?, ?, ?, ?, ?, ?)[0m  [["overall", 4], ["safety", 4], ["clean", 5], ["noise", 1], ["price", 3], ["comment", "This was an interesting house"], ["rental_id", 1], ["user_id", 3], ["created_at", "2016-09-30 08:03:29.896522"], ["updated_at", "2016-09-30 08:03:29.896522"]]
  [1m[35m (6.7ms)[0m  commit transaction
  [1m[36m (0.2ms)[0m  [1mbegin transaction[0m
  [1m[35mSQL (0.6ms)[0m  INSERT INTO "reviews" ("overall", "safety", "clean", "noise", "price", "comment", "rental_id", "user_id", "created_at", "updated_at") VALUES (?, ?, ?, ?, ?, ?, ?, ?, ?, ?)  [["overall", 2], ["safety", 1], ["clean", 3], ["noise", 3], ["price", 2], ["comment", "Horible expirence living here. Can't wait to move."], ["rental_id", 1], ["user_id", 2], ["created_at", "2016-09-30 08:03:29.911187"], ["updated_at", "2016-09-30 08:03:29.911187"]]
  [1m[36m (6.9ms)[0m  [1mcommit transaction[0m
  [1m[35m (0.2ms)[0m  begin transaction
  [1m[36mSQL (0.5ms)[0m  [1mINSERT INTO "reviews" ("overall", "safety", "clean", "noise", "price", "comment", "rental_id", "user_id", "created_at", "updated_at") VALUES (?, ?, ?, ?, ?, ?, ?, ?, ?, ?)[0m  [["overall", 5], ["safety", 5], ["clean", 4], ["noise", 1], ["price", 5], ["comment", "Loved this place, but expensive"], ["rental_id", 2], ["user_id", 1], ["created_at", "2016-09-30 08:03:29.925368"], ["updated_at", "2016-09-30 08:03:29.925368"]]
  [1m[35m (5.7ms)[0m  commit transaction
  [1m[36m (0.2ms)[0m  [1mbegin transaction[0m
  [1m[35mSQL (0.6ms)[0m  INSERT INTO "reviews" ("overall", "safety", "clean", "noise", "price", "comment", "rental_id", "user_id", "created_at", "updated_at") VALUES (?, ?, ?, ?, ?, ?, ?, ?, ?, ?)  [["overall", 4], ["safety", 3], ["clean", 2], ["noise", 2], ["price", 2], ["comment", "dirty but nice enough"], ["rental_id", 1], ["user_id", 1], ["created_at", "2016-09-30 08:03:29.937249"], ["updated_at", "2016-09-30 08:03:29.937249"]]
  [1m[36m (5.8ms)[0m  [1mcommit transaction[0m
  [1m[35m (0.2ms)[0m  begin transaction
  [1m[36mSQL (0.8ms)[0m  [1mINSERT INTO "reviews" ("overall", "safety", "clean", "noise", "price", "comment", "rental_id", "user_id", "created_at", "updated_at") VALUES (?, ?, ?, ?, ?, ?, ?, ?, ?, ?)[0m  [["overall", 1], ["safety", 1], ["clean", 1], ["noise", 1], ["price", 1], ["comment", "A dump"], ["rental_id", 2], ["user_id", 2], ["created_at", "2016-09-30 08:03:29.949396"], ["updated_at", "2016-09-30 08:03:29.949396"]]
  [1m[35m (5.9ms)[0m  commit transaction
  [1m[36m (0.2ms)[0m  [1mbegin transaction[0m
  [1m[35mSQL (0.5ms)[0m  INSERT INTO "reviews" ("overall", "safety", "clean", "noise", "price", "comment", "rental_id", "user_id", "created_at", "updated_at") VALUES (?, ?, ?, ?, ?, ?, ?, ?, ?, ?)  [["overall", 3], ["safety", 3], ["clean", 1], ["noise", 4], ["price", 2], ["comment", "In the process of remodeling"], ["rental_id", 2], ["user_id", 3], ["created_at", "2016-09-30 08:03:29.962013"], ["updated_at", "2016-09-30 08:03:29.962013"]]
  [1m[36m (7.3ms)[0m  [1mcommit transaction[0m
  [1m[35m (0.2ms)[0m  begin transaction
  [1m[36mSQL (0.6ms)[0m  [1mINSERT INTO "reviews" ("overall", "safety", "clean", "noise", "price", "comment", "rental_id", "user_id", "created_at", "updated_at") VALUES (?, ?, ?, ?, ?, ?, ?, ?, ?, ?)[0m  [["overall", 5], ["safety", 5], ["clean", 5], ["noise", 2], ["price", 4], ["comment", "Newly remodeled. Very nice"], ["rental_id", 2], ["user_id", 1], ["created_at", "2016-09-30 08:03:29.976408"], ["updated_at", "2016-09-30 08:03:29.976408"]]
  [1m[35m (9.5ms)[0m  commit transaction
  [1m[36m (0.2ms)[0m  [1mbegin transaction[0m
  [1m[35mSQL (0.6ms)[0m  INSERT INTO "reviews" ("overall", "safety", "clean", "noise", "price", "comment", "rental_id", "user_id", "created_at", "updated_at") VALUES (?, ?, ?, ?, ?, ?, ?, ?, ?, ?)  [["overall", 4], ["safety", 4], ["clean", 5], ["noise", 2], ["price", 4], ["comment", "Lovely little place now. Sooo much better than before"], ["rental_id", 2], ["user_id", 2], ["created_at", "2016-09-30 08:03:29.994060"], ["updated_at", "2016-09-30 08:03:29.994060"]]
  [1m[36m (6.6ms)[0m  [1mcommit transaction[0m
  [1m[35m (0.3ms)[0m  begin transaction
  [1m[36mSQL (0.8ms)[0m  [1mINSERT INTO "images" ("filename", "rental_id", "created_at", "updated_at") VALUES (?, ?, ?, ?)[0m  [["filename", "h01.jpg"], ["rental_id", 1], ["created_at", "2016-09-30 08:03:30.049257"], ["updated_at", "2016-09-30 08:03:30.049257"]]
  [1m[35m (5.8ms)[0m  commit transaction
  [1m[36m (0.3ms)[0m  [1mbegin transaction[0m
  [1m[35mSQL (0.5ms)[0m  INSERT INTO "images" ("filename", "rental_id", "created_at", "updated_at") VALUES (?, ?, ?, ?)  [["filename", "h02.jpg"], ["rental_id", 1], ["created_at", "2016-09-30 08:03:30.061786"], ["updated_at", "2016-09-30 08:03:30.061786"]]
  [1m[36m (5.6ms)[0m  [1mcommit transaction[0m
  [1m[35m (0.3ms)[0m  begin transaction
  [1m[36mSQL (0.5ms)[0m  [1mINSERT INTO "images" ("filename", "rental_id", "created_at", "updated_at") VALUES (?, ?, ?, ?)[0m  [["filename", "h03.jpg"], ["rental_id", 1], ["created_at", "2016-09-30 08:03:30.073470"], ["updated_at", "2016-09-30 08:03:30.073470"]]
  [1m[35m (5.8ms)[0m  commit transaction
  [1m[36m (0.3ms)[0m  [1mbegin transaction[0m
  [1m[35mSQL (0.5ms)[0m  INSERT INTO "images" ("filename", "rental_id", "created_at", "updated_at") VALUES (?, ?, ?, ?)  [["filename", "h04.jpg"], ["rental_id", 1], ["created_at", "2016-09-30 08:03:30.084818"], ["updated_at", "2016-09-30 08:03:30.084818"]]
  [1m[36m (6.7ms)[0m  [1mcommit transaction[0m
  [1m[35m (0.2ms)[0m  begin transaction
  [1m[36mSQL (0.5ms)[0m  [1mINSERT INTO "images" ("filename", "rental_id", "created_at", "updated_at") VALUES (?, ?, ?, ?)[0m  [["filename", "h05.jpg"], ["rental_id", 2], ["created_at", "2016-09-30 08:03:30.096432"], ["updated_at", "2016-09-30 08:03:30.096432"]]
  [1m[35m (7.0ms)[0m  commit transaction
  [1m[36m (0.2ms)[0m  [1mbegin transaction[0m
  [1m[35mSQL (0.5ms)[0m  INSERT INTO "images" ("filename", "rental_id", "created_at", "updated_at") VALUES (?, ?, ?, ?)  [["filename", "h06.jpg"], ["rental_id", 2], ["created_at", "2016-09-30 08:03:30.108823"], ["updated_at", "2016-09-30 08:03:30.108823"]]
  [1m[36m (6.2ms)[0m  [1mcommit transaction[0m
  [1m[35m (0.4ms)[0m  begin transaction
  [1m[36mSQL (1.4ms)[0m  [1mINSERT INTO "images" ("filename", "rental_id", "created_at", "updated_at") VALUES (?, ?, ?, ?)[0m  [["filename", "h07.jpg"], ["rental_id", 2], ["created_at", "2016-09-30 08:03:30.122394"], ["updated_at", "2016-09-30 08:03:30.122394"]]
  [1m[35m (7.1ms)[0m  commit transaction


Started GET "/" for 127.0.0.1 at 2016-09-30 01:03:34 -0700
Processing by RentalsController#index as HTML
  [1m[35mRental Load (0.4ms)[0m  SELECT "rentals".* FROM "rentals"
  Rendered rentals/index.html.erb within layouts/application (48.0ms)
Completed 200 OK in 119ms (Views: 104.2ms | ActiveRecord: 1.0ms)


Started GET "/rentals/1" for 127.0.0.1 at 2016-09-30 01:03:43 -0700
Processing by RentalsController#show as HTML
  Parameters: {"id"=>"1"}
  [1m[36mRental Load (1.1ms)[0m  [1mSELECT  "rentals".* FROM "rentals" WHERE "rentals"."id" = ? LIMIT 1[0m  [["id", 1]]
  [1m[35mReview Load (0.3ms)[0m  SELECT "reviews".* FROM "reviews" WHERE "reviews"."rental_id" = ?  [["rental_id", 1]]
  [1m[36mImage Load (0.3ms)[0m  [1mSELECT "images".* FROM "images" WHERE "images"."rental_id" = ?[0m  [["rental_id", 1]]
  Rendered reviews/_form.html.erb (353.7ms)
  Rendered images/_form.html.erb (41.0ms)
  Rendered rentals/show.html.erb within layouts/application (509.9ms)
Completed 200 OK in 1370ms (Views: 745.9ms | ActiveRecord: 7.8ms)


Started GET "/rentals/1" for 127.0.0.1 at 2016-09-30 01:10:17 -0700
Processing by RentalsController#show as HTML
  Parameters: {"id"=>"1"}
  [1m[35mRental Load (3.5ms)[0m  SELECT  "rentals".* FROM "rentals" WHERE "rentals"."id" = ? LIMIT 1  [["id", 1]]
  [1m[36mReview Load (4.9ms)[0m  [1mSELECT "reviews".* FROM "reviews" WHERE "reviews"."rental_id" = ?[0m  [["rental_id", 1]]
  [1m[35mImage Load (0.6ms)[0m  SELECT "images".* FROM "images" WHERE "images"."rental_id" = ?  [["rental_id", 1]]
  Rendered reviews/_form.html.erb (29.2ms)
  Rendered images/_form.html.erb (4.1ms)
  Rendered rentals/show.html.erb within layouts/application (88.7ms)
Completed 200 OK in 286ms (Views: 254.2ms | ActiveRecord: 9.0ms)


Started GET "/rentals" for 127.0.0.1 at 2016-09-30 01:10:50 -0700
Processing by RentalsController#index as HTML
  [1m[36mRental Load (1.0ms)[0m  [1mSELECT "rentals".* FROM "rentals"[0m
  Rendered rentals/index.html.erb within layouts/application (8.7ms)
Completed 200 OK in 101ms (Views: 97.7ms | ActiveRecord: 1.0ms)


Started GET "/rentals" for 127.0.0.1 at 2016-09-30 01:37:17 -0700
Processing by RentalsController#index as HTML
  [1m[35mRental Load (57.6ms)[0m  SELECT "rentals".* FROM "rentals"
  Rendered rentals/index.html.erb within layouts/application (67.2ms)
Completed 200 OK in 754ms (Views: 689.0ms | ActiveRecord: 57.6ms)


Started GET "/users/sign_in" for 127.0.0.1 at 2016-09-30 01:37:23 -0700
Processing by Devise::SessionsController#new as HTML
  Rendered devise/shared/_links.html.erb (6.2ms)
  Rendered devise/sessions/new.html.erb within layouts/application (120.1ms)
Completed 200 OK in 431ms (Views: 333.1ms | ActiveRecord: 1.9ms)


Started POST "/users/sign_in" for 127.0.0.1 at 2016-09-30 01:37:33 -0700
Processing by Devise::SessionsController#create as HTML
  Parameters: {"utf8"=>"✓", "authenticity_token"=>"lVmsTG0HvtTtjj6xe/IZR4mrW9VCXA20sfjj37RdsY7T2r7WXKTPYEONINfuXLv9eBsSTWgPpgR8oz148kLGKg==", "user"=>{"email"=>"a@a.com", "password"=>"[FILTERED]", "remember_me"=>"0"}, "commit"=>"Log in"}
  [1m[36mUser Load (20.2ms)[0m  [1mSELECT  "users".* FROM "users" WHERE "users"."email" = ?  ORDER BY "users"."id" ASC LIMIT 1[0m  [["email", "a@a.com"]]
  [1m[35m (0.3ms)[0m  begin transaction
  [1m[36mSQL (24.5ms)[0m  [1mUPDATE "users" SET "last_sign_in_at" = ?, "current_sign_in_at" = ?, "last_sign_in_ip" = ?, "current_sign_in_ip" = ?, "sign_in_count" = ?, "updated_at" = ? WHERE "users"."id" = ?[0m  [["last_sign_in_at", "2016-09-30 08:37:34.591321"], ["current_sign_in_at", "2016-09-30 08:37:34.591321"], ["last_sign_in_ip", "127.0.0.1"], ["current_sign_in_ip", "127.0.0.1"], ["sign_in_count", 1], ["updated_at", "2016-09-30 08:37:34.593734"], ["id", 1]]
  [1m[35m (5.1ms)[0m  commit transaction
Redirected to http://localhost:3000/
Completed 302 Found in 892ms (ActiveRecord: 50.1ms)


Started GET "/" for 127.0.0.1 at 2016-09-30 01:37:34 -0700
Processing by RentalsController#index as HTML
  [1m[36mRental Load (0.9ms)[0m  [1mSELECT "rentals".* FROM "rentals"[0m
  Rendered rentals/index.html.erb within layouts/application (13.9ms)
  [1m[35mUser Load (0.4ms)[0m  SELECT  "users".* FROM "users" WHERE "users"."id" = ?  ORDER BY "users"."id" ASC LIMIT 1  [["id", 1]]
Completed 200 OK in 132ms (Views: 126.2ms | ActiveRecord: 1.2ms)


Started GET "/rentals/1" for 127.0.0.1 at 2016-09-30 01:37:45 -0700
Processing by RentalsController#show as HTML
  Parameters: {"id"=>"1"}
  [1m[36mRental Load (0.1ms)[0m  [1mSELECT  "rentals".* FROM "rentals" WHERE "rentals"."id" = ? LIMIT 1[0m  [["id", 1]]
  [1m[35mReview Load (0.1ms)[0m  SELECT "reviews".* FROM "reviews" WHERE "reviews"."rental_id" = ?  [["rental_id", 1]]
  [1m[36mImage Load (0.1ms)[0m  [1mSELECT "images".* FROM "images" WHERE "images"."rental_id" = ?[0m  [["rental_id", 1]]
  Rendered reviews/_form.html.erb (5.7ms)
  Rendered images/_form.html.erb (0.7ms)
  Rendered rentals/show.html.erb within layouts/application (25.6ms)
  [1m[35mUser Load (0.2ms)[0m  SELECT  "users".* FROM "users" WHERE "users"."id" = ?  ORDER BY "users"."id" ASC LIMIT 1  [["id", 1]]
Completed 200 OK in 84ms (Views: 78.4ms | ActiveRecord: 0.5ms)


Started GET "/reviews/4/edit" for 127.0.0.1 at 2016-09-30 01:38:02 -0700
Processing by ReviewsController#edit as HTML
  Parameters: {"id"=>"4"}
  [1m[36mReview Load (0.6ms)[0m  [1mSELECT  "reviews".* FROM "reviews" WHERE "reviews"."id" = ? LIMIT 1[0m  [["id", 4]]
  Rendered reviews/_form.html.erb (41.4ms)
  Rendered reviews/edit.html.erb within layouts/application (51.7ms)
  [1m[35mUser Load (7.7ms)[0m  SELECT  "users".* FROM "users" WHERE "users"."id" = ?  ORDER BY "users"."id" ASC LIMIT 1  [["id", 1]]
Completed 200 OK in 369ms (Views: 332.0ms | ActiveRecord: 8.4ms)


Started PATCH "/reviews/4" for 127.0.0.1 at 2016-09-30 01:38:09 -0700
Processing by ReviewsController#update as HTML
  Parameters: {"utf8"=>"✓", "authenticity_token"=>"kWdb494Sg9RQnxPskLEGjGcp4TIpSZT+QTyjZ+1XIl7vMXqIGz2JZIcL+8qOdK82xPIMx6eWKyY9IDadfU9/KA==", "review"=>{"overall"=>"4", "safety"=>"3", "clean"=>"2", "noise"=>"2", "price"=>"2", "comment"=>"Dirty but nice enough"}, "commit"=>"Update Review", "id"=>"4"}
  [1m[36mReview Load (0.1ms)[0m  [1mSELECT  "reviews".* FROM "reviews" WHERE "reviews"."id" = ? LIMIT 1[0m  [["id", 4]]
  [1m[35m (0.2ms)[0m  begin transaction
  [1m[36mSQL (0.3ms)[0m  [1mUPDATE "reviews" SET "comment" = ?, "updated_at" = ? WHERE "reviews"."id" = ?[0m  [["comment", "Dirty but nice enough"], ["updated_at", "2016-09-30 08:38:09.616246"], ["id", 4]]
  [1m[35m (3.2ms)[0m  commit transaction
Redirected to http://localhost:3000/reviews/4
Completed 302 Found in 21ms (ActiveRecord: 3.8ms)


Started GET "/reviews/4" for 127.0.0.1 at 2016-09-30 01:38:09 -0700
Processing by ReviewsController#show as HTML
  Parameters: {"id"=>"4"}
  [1m[36mReview Load (0.1ms)[0m  [1mSELECT  "reviews".* FROM "reviews" WHERE "reviews"."id" = ? LIMIT 1[0m  [["id", 4]]
  [1m[35mRental Load (0.1ms)[0m  SELECT  "rentals".* FROM "rentals" WHERE "rentals"."id" = ? LIMIT 1  [["id", 1]]
  [1m[36mUser Load (0.2ms)[0m  [1mSELECT  "users".* FROM "users" WHERE "users"."id" = ? LIMIT 1[0m  [["id", 1]]
  Rendered reviews/show.html.erb within layouts/application (15.2ms)
  [1m[35mUser Load (0.1ms)[0m  SELECT  "users".* FROM "users" WHERE "users"."id" = ?  ORDER BY "users"."id" ASC LIMIT 1  [["id", 1]]
Completed 200 OK in 75ms (Views: 71.7ms | ActiveRecord: 0.5ms)


Started GET "/reviews" for 127.0.0.1 at 2016-09-30 01:38:13 -0700
Processing by ReviewsController#index as HTML
  [1m[36mReview Load (0.2ms)[0m  [1mSELECT "reviews".* FROM "reviews"[0m
  [1m[35mRental Load (0.1ms)[0m  SELECT  "rentals".* FROM "rentals" WHERE "rentals"."id" = ? LIMIT 1  [["id", 1]]
  [1m[36mCACHE (0.0ms)[0m  [1mSELECT  "rentals".* FROM "rentals" WHERE "rentals"."id" = ? LIMIT 1[0m  [["id", 1]]
  [1m[35mRental Load (0.2ms)[0m  SELECT  "rentals".* FROM "rentals" WHERE "rentals"."id" = ? LIMIT 1  [["id", 2]]
  [1m[36mCACHE (0.0ms)[0m  [1mSELECT  "rentals".* FROM "rentals" WHERE "rentals"."id" = ? LIMIT 1[0m  [["id", 1]]
  [1m[35mCACHE (0.0ms)[0m  SELECT  "rentals".* FROM "rentals" WHERE "rentals"."id" = ? LIMIT 1  [["id", 2]]
  [1m[36mCACHE (0.0ms)[0m  [1mSELECT  "rentals".* FROM "rentals" WHERE "rentals"."id" = ? LIMIT 1[0m  [["id", 2]]
  [1m[35mCACHE (0.1ms)[0m  SELECT  "rentals".* FROM "rentals" WHERE "rentals"."id" = ? LIMIT 1  [["id", 2]]
  [1m[36mCACHE (0.0ms)[0m  [1mSELECT  "rentals".* FROM "rentals" WHERE "rentals"."id" = ? LIMIT 1[0m  [["id", 2]]
  Rendered reviews/index.html.erb within layouts/application (24.4ms)
  [1m[35mUser Load (0.1ms)[0m  SELECT  "users".* FROM "users" WHERE "users"."id" = ?  ORDER BY "users"."id" ASC LIMIT 1  [["id", 1]]
Completed 200 OK in 79ms (Views: 77.5ms | ActiveRecord: 0.7ms)


Started GET "/rental" for 127.0.0.1 at 2016-09-30 01:38:30 -0700

ActionController::RoutingError (No route matches [GET] "/rental"):
  actionpack (4.2.6) lib/action_dispatch/middleware/debug_exceptions.rb:21:in `call'
  web-console (2.3.0) lib/web_console/middleware.rb:28:in `block in call'
  web-console (2.3.0) lib/web_console/middleware.rb:18:in `catch'
  web-console (2.3.0) lib/web_console/middleware.rb:18:in `call'
  actionpack (4.2.6) lib/action_dispatch/middleware/show_exceptions.rb:30:in `call'
  railties (4.2.6) lib/rails/rack/logger.rb:38:in `call_app'
  railties (4.2.6) lib/rails/rack/logger.rb:20:in `block in call'
  activesupport (4.2.6) lib/active_support/tagged_logging.rb:68:in `block in tagged'
  activesupport (4.2.6) lib/active_support/tagged_logging.rb:26:in `tagged'
  activesupport (4.2.6) lib/active_support/tagged_logging.rb:68:in `tagged'
  railties (4.2.6) lib/rails/rack/logger.rb:20:in `call'
  quiet_assets (1.1.0) lib/quiet_assets.rb:27:in `call_with_quiet_assets'
  actionpack (4.2.6) lib/action_dispatch/middleware/request_id.rb:21:in `call'
  rack (1.6.4) lib/rack/methodoverride.rb:22:in `call'
  rack (1.6.4) lib/rack/runtime.rb:18:in `call'
  activesupport (4.2.6) lib/active_support/cache/strategy/local_cache_middleware.rb:28:in `call'
  rack (1.6.4) lib/rack/lock.rb:17:in `call'
  actionpack (4.2.6) lib/action_dispatch/middleware/static.rb:120:in `call'
  rack (1.6.4) lib/rack/sendfile.rb:113:in `call'
  railties (4.2.6) lib/rails/engine.rb:518:in `call'
  railties (4.2.6) lib/rails/application.rb:165:in `call'
  rack (1.6.4) lib/rack/lock.rb:17:in `call'
  rack (1.6.4) lib/rack/content_length.rb:15:in `call'
  rack (1.6.4) lib/rack/handler/webrick.rb:88:in `service'
  /home/amiller94/.rvm/rubies/ruby-2.3.0/lib/ruby/2.3.0/webrick/httpserver.rb:140:in `service'
  /home/amiller94/.rvm/rubies/ruby-2.3.0/lib/ruby/2.3.0/webrick/httpserver.rb:96:in `run'
  /home/amiller94/.rvm/rubies/ruby-2.3.0/lib/ruby/2.3.0/webrick/server.rb:296:in `block in start_thread'


  Rendered /home/amiller94/.rvm/gems/ruby-2.3.0/gems/actionpack-4.2.6/lib/action_dispatch/middleware/templates/rescues/_trace.html.erb (14.6ms)
  Rendered /home/amiller94/.rvm/gems/ruby-2.3.0/gems/actionpack-4.2.6/lib/action_dispatch/middleware/templates/routes/_route.html.erb (17.0ms)
  Rendered /home/amiller94/.rvm/gems/ruby-2.3.0/gems/actionpack-4.2.6/lib/action_dispatch/middleware/templates/routes/_table.html.erb (44.9ms)
  Rendered /home/amiller94/.rvm/gems/ruby-2.3.0/gems/actionpack-4.2.6/lib/action_dispatch/middleware/templates/rescues/_request_and_response.html.erb (2.9ms)
  Rendered /home/amiller94/.rvm/gems/ruby-2.3.0/gems/actionpack-4.2.6/lib/action_dispatch/middleware/templates/rescues/routing_error.html.erb within rescues/layout (362.6ms)
  Rendered /home/amiller94/.rvm/gems/ruby-2.3.0/gems/web-console-2.3.0/lib/web_console/templates/_markup.html.erb (1.9ms)
  Rendered /home/amiller94/.rvm/gems/ruby-2.3.0/gems/web-console-2.3.0/lib/web_console/templates/_inner_console_markup.html.erb within layouts/inlined_string (0.5ms)
  Rendered /home/amiller94/.rvm/gems/ruby-2.3.0/gems/web-console-2.3.0/lib/web_console/templates/_prompt_box_markup.html.erb within layouts/inlined_string (0.5ms)
  Rendered /home/amiller94/.rvm/gems/ruby-2.3.0/gems/web-console-2.3.0/lib/web_console/templates/style.css.erb within layouts/inlined_string (0.6ms)
  Rendered /home/amiller94/.rvm/gems/ruby-2.3.0/gems/web-console-2.3.0/lib/web_console/templates/console.js.erb within layouts/javascript (54.6ms)
  Rendered /home/amiller94/.rvm/gems/ruby-2.3.0/gems/web-console-2.3.0/lib/web_console/templates/main.js.erb within layouts/javascript (0.6ms)
  Rendered /home/amiller94/.rvm/gems/ruby-2.3.0/gems/web-console-2.3.0/lib/web_console/templates/error_page.js.erb within layouts/javascript (0.6ms)
  Rendered /home/amiller94/.rvm/gems/ruby-2.3.0/gems/web-console-2.3.0/lib/web_console/templates/index.html.erb (129.0ms)


Started GET "/" for 127.0.0.1 at 2016-09-30 01:38:39 -0700
Processing by RentalsController#index as HTML
  [1m[36mRental Load (0.3ms)[0m  [1mSELECT "rentals".* FROM "rentals"[0m
  Rendered rentals/index.html.erb within layouts/application (7.8ms)
  [1m[35mUser Load (0.2ms)[0m  SELECT  "users".* FROM "users" WHERE "users"."id" = ?  ORDER BY "users"."id" ASC LIMIT 1  [["id", 1]]
Completed 200 OK in 74ms (Views: 72.9ms | ActiveRecord: 0.4ms)


Started GET "/rentals/2" for 127.0.0.1 at 2016-09-30 01:38:51 -0700
Processing by RentalsController#show as HTML
  Parameters: {"id"=>"2"}
  [1m[36mRental Load (0.1ms)[0m  [1mSELECT  "rentals".* FROM "rentals" WHERE "rentals"."id" = ? LIMIT 1[0m  [["id", 2]]
  [1m[35mReview Load (0.3ms)[0m  SELECT "reviews".* FROM "reviews" WHERE "reviews"."rental_id" = ?  [["rental_id", 2]]
  [1m[36mImage Load (0.3ms)[0m  [1mSELECT "images".* FROM "images" WHERE "images"."rental_id" = ?[0m  [["rental_id", 2]]
  Rendered reviews/_form.html.erb (19.4ms)
  Rendered images/_form.html.erb (1.4ms)
  Rendered rentals/show.html.erb within layouts/application (64.3ms)
  [1m[35mUser Load (0.2ms)[0m  SELECT  "users".* FROM "users" WHERE "users"."id" = ?  ORDER BY "users"."id" ASC LIMIT 1  [["id", 1]]
Completed 200 OK in 175ms (Views: 171.8ms | ActiveRecord: 0.9ms)


Started GET "/rentals/2" for 127.0.0.1 at 2016-09-30 01:41:45 -0700
Processing by RentalsController#show as HTML
  Parameters: {"id"=>"2"}
  [1m[36mRental Load (19.8ms)[0m  [1mSELECT  "rentals".* FROM "rentals" WHERE "rentals"."id" = ? LIMIT 1[0m  [["id", 2]]
  [1m[35mReview Load (0.4ms)[0m  SELECT "reviews".* FROM "reviews" WHERE "reviews"."rental_id" = ?  [["rental_id", 2]]
  [1m[36mImage Load (0.3ms)[0m  [1mSELECT "images".* FROM "images" WHERE "images"."rental_id" = ?[0m  [["rental_id", 2]]
  Rendered reviews/_form.html.erb (38.7ms)
  Rendered images/_form.html.erb (11.9ms)
  Rendered rentals/show.html.erb within layouts/application (352.5ms)
  [1m[35mUser Load (0.3ms)[0m  SELECT  "users".* FROM "users" WHERE "users"."id" = ?  ORDER BY "users"."id" ASC LIMIT 1  [["id", 1]]
Completed 200 OK in 1924ms (Views: 1823.6ms | ActiveRecord: 20.8ms)


Started GET "/" for 127.0.0.1 at 2016-09-30 01:43:07 -0700
Processing by RentalsController#index as HTML
  [1m[36mRental Load (16.7ms)[0m  [1mSELECT "rentals".* FROM "rentals"[0m
  Rendered rentals/index.html.erb within layouts/application (88.3ms)
  [1m[35mUser Load (0.4ms)[0m  SELECT  "users".* FROM "users" WHERE "users"."id" = ?  ORDER BY "users"."id" ASC LIMIT 1  [["id", 1]]
Completed 200 OK in 577ms (Views: 544.3ms | ActiveRecord: 17.1ms)


Started GET "/" for 127.0.0.1 at 2016-09-30 01:44:03 -0700
Processing by RentalsController#index as HTML
  [1m[36mRental Load (0.6ms)[0m  [1mSELECT "rentals".* FROM "rentals"[0m
  Rendered rentals/index.html.erb within layouts/application (38.9ms)
  [1m[35mUser Load (0.2ms)[0m  SELECT  "users".* FROM "users" WHERE "users"."id" = ?  ORDER BY "users"."id" ASC LIMIT 1  [["id", 1]]
Completed 200 OK in 222ms (Views: 219.8ms | ActiveRecord: 0.8ms)


Started GET "/" for 127.0.0.1 at 2016-09-30 01:44:36 -0700
Processing by RentalsController#index as HTML
  [1m[36mRental Load (15.0ms)[0m  [1mSELECT "rentals".* FROM "rentals"[0m
  Rendered rentals/index.html.erb within layouts/application (81.9ms)
  [1m[35mUser Load (0.2ms)[0m  SELECT  "users".* FROM "users" WHERE "users"."id" = ?  ORDER BY "users"."id" ASC LIMIT 1  [["id", 1]]
Completed 200 OK in 478ms (Views: 459.8ms | ActiveRecord: 15.2ms)


Started GET "/" for 127.0.0.1 at 2016-09-30 01:49:46 -0700
Processing by RentalsController#index as HTML
  [1m[36mRental Load (11.3ms)[0m  [1mSELECT "rentals".* FROM "rentals"[0m
  Rendered rentals/index.html.erb within layouts/application (570.2ms)
  [1m[35mUser Load (0.2ms)[0m  SELECT  "users".* FROM "users" WHERE "users"."id" = ?  ORDER BY "users"."id" ASC LIMIT 1  [["id", 1]]
Completed 200 OK in 1358ms (Views: 1320.8ms | ActiveRecord: 11.5ms)


Started GET "/" for 127.0.0.1 at 2016-09-30 01:50:33 -0700
Processing by RentalsController#index as HTML
  [1m[36mRental Load (0.3ms)[0m  [1mSELECT "rentals".* FROM "rentals"[0m
  Rendered rentals/index.html.erb within layouts/application (3710.4ms)
  [1m[35mUser Load (0.2ms)[0m  SELECT  "users".* FROM "users" WHERE "users"."id" = ?  ORDER BY "users"."id" ASC LIMIT 1  [["id", 1]]
Completed 200 OK in 3824ms (Views: 3822.5ms | ActiveRecord: 0.5ms)


Started GET "/" for 127.0.0.1 at 2016-09-30 01:53:10 -0700
Processing by RentalsController#index as HTML
  [1m[36mRental Load (89.3ms)[0m  [1mSELECT "rentals".* FROM "rentals"[0m
  Rendered rentals/index.html.erb within layouts/application (390.6ms)
  [1m[35mUser Load (3.1ms)[0m  SELECT  "users".* FROM "users" WHERE "users"."id" = ?  ORDER BY "users"."id" ASC LIMIT 1  [["id", 1]]
Completed 200 OK in 2084ms (Views: 1972.0ms | ActiveRecord: 92.3ms)


Started GET "/" for 127.0.0.1 at 2016-09-30 01:53:56 -0700
Processing by RentalsController#index as HTML
  [1m[36mRental Load (0.5ms)[0m  [1mSELECT "rentals".* FROM "rentals"[0m
  Rendered rentals/index.html.erb within layouts/application (42.6ms)
  [1m[35mUser Load (0.2ms)[0m  SELECT  "users".* FROM "users" WHERE "users"."id" = ?  ORDER BY "users"."id" ASC LIMIT 1  [["id", 1]]
Completed 200 OK in 338ms (Views: 330.3ms | ActiveRecord: 0.7ms)


Started GET "/" for 127.0.0.1 at 2016-10-03 12:00:39 -0700
  [1m[36mActiveRecord::SchemaMigration Load (7.1ms)[0m  [1mSELECT "schema_migrations".* FROM "schema_migrations"[0m
Processing by RentalsController#index as HTML
  [1m[35mRental Load (1.0ms)[0m  SELECT "rentals".* FROM "rentals"
  Rendered rentals/index.html.erb within layouts/application (76.2ms)
  [1m[36mUser Load (0.2ms)[0m  [1mSELECT  "users".* FROM "users" WHERE "users"."id" = ?  ORDER BY "users"."id" ASC LIMIT 1[0m  [["id", 1]]
Completed 200 OK in 1777ms (Views: 1732.2ms | ActiveRecord: 2.4ms)


Started GET "/" for 127.0.0.1 at 2016-10-03 12:00:41 -0700
Processing by RentalsController#index as HTML
  [1m[35mRental Load (0.2ms)[0m  SELECT "rentals".* FROM "rentals"
  Rendered rentals/index.html.erb within layouts/application (2.4ms)
  [1m[36mUser Load (0.1ms)[0m  [1mSELECT  "users".* FROM "users" WHERE "users"."id" = ?  ORDER BY "users"."id" ASC LIMIT 1[0m  [["id", 1]]
Completed 200 OK in 72ms (Views: 64.1ms | ActiveRecord: 0.3ms)


Started GET "/rentals/1" for 127.0.0.1 at 2016-10-03 12:00:52 -0700
Processing by RentalsController#show as HTML
  Parameters: {"id"=>"1"}
  [1m[35mRental Load (0.2ms)[0m  SELECT  "rentals".* FROM "rentals" WHERE "rentals"."id" = ? LIMIT 1  [["id", 1]]
  [1m[36mReview Load (0.2ms)[0m  [1mSELECT "reviews".* FROM "reviews" WHERE "reviews"."rental_id" = ?[0m  [["rental_id", 1]]
  [1m[35mImage Load (0.3ms)[0m  SELECT "images".* FROM "images" WHERE "images"."rental_id" = ?  [["rental_id", 1]]
  Rendered reviews/_form.html.erb (164.6ms)
  Rendered images/_form.html.erb (19.0ms)
  Rendered rentals/show.html.erb within layouts/application (223.8ms)
  [1m[36mUser Load (0.2ms)[0m  [1mSELECT  "users".* FROM "users" WHERE "users"."id" = ?  ORDER BY "users"."id" ASC LIMIT 1[0m  [["id", 1]]
Completed 200 OK in 387ms (Views: 268.0ms | ActiveRecord: 1.3ms)


Started GET "/rentals" for 127.0.0.1 at 2016-10-03 12:01:36 -0700
Processing by RentalsController#index as HTML
  [1m[35mRental Load (0.5ms)[0m  SELECT "rentals".* FROM "rentals"
  Rendered rentals/index.html.erb within layouts/application (7.3ms)
  [1m[36mUser Load (0.2ms)[0m  [1mSELECT  "users".* FROM "users" WHERE "users"."id" = ?  ORDER BY "users"."id" ASC LIMIT 1[0m  [["id", 1]]
Completed 200 OK in 47ms (Views: 45.4ms | ActiveRecord: 0.6ms)


Started GET "/rentals/1" for 127.0.0.1 at 2016-10-03 12:05:39 -0700
Processing by RentalsController#show as HTML
  Parameters: {"id"=>"1"}
  [1m[35mRental Load (577.4ms)[0m  SELECT  "rentals".* FROM "rentals" WHERE "rentals"."id" = ? LIMIT 1  [["id", 1]]
  [1m[36mReview Load (37.1ms)[0m  [1mSELECT "reviews".* FROM "reviews" WHERE "reviews"."rental_id" = ?[0m  [["rental_id", 1]]
  [1m[35mImage Load (16.8ms)[0m  SELECT "images".* FROM "images" WHERE "images"."rental_id" = ?  [["rental_id", 1]]
  Rendered reviews/_form.html.erb (3363.3ms)
  Rendered images/_form.html.erb (303.7ms)
  Rendered rentals/show.html.erb within layouts/application (7578.2ms)
  [1m[36mUser Load (169.3ms)[0m  [1mSELECT  "users".* FROM "users" WHERE "users"."id" = ?  ORDER BY "users"."id" ASC LIMIT 1[0m  [["id", 1]]
Completed 200 OK in 31978ms (Views: 18840.9ms | ActiveRecord: 800.5ms)


Started GET "/rentals/1" for 127.0.0.1 at 2016-10-03 12:06:23 -0700
Processing by RentalsController#show as HTML
  Parameters: {"id"=>"1"}
  [1m[35mRental Load (0.1ms)[0m  SELECT  "rentals".* FROM "rentals" WHERE "rentals"."id" = ? LIMIT 1  [["id", 1]]
  [1m[36mReview Load (0.1ms)[0m  [1mSELECT "reviews".* FROM "reviews" WHERE "reviews"."rental_id" = ?[0m  [["rental_id", 1]]
  [1m[35mImage Load (0.1ms)[0m  SELECT "images".* FROM "images" WHERE "images"."rental_id" = ?  [["rental_id", 1]]
  Rendered reviews/_form.html.erb (209.4ms)
  Rendered images/_form.html.erb (2.7ms)
  Rendered rentals/show.html.erb within layouts/application (503.9ms)
  [1m[36mUser Load (0.1ms)[0m  [1mSELECT  "users".* FROM "users" WHERE "users"."id" = ?  ORDER BY "users"."id" ASC LIMIT 1[0m  [["id", 1]]
Completed 200 OK in 3881ms (Views: 3743.1ms | ActiveRecord: 0.5ms)


Started GET "/rentals/1" for 127.0.0.1 at 2016-10-03 12:06:27 -0700
Processing by RentalsController#show as HTML
  Parameters: {"id"=>"1"}
  [1m[35mRental Load (0.2ms)[0m  SELECT  "rentals".* FROM "rentals" WHERE "rentals"."id" = ? LIMIT 1  [["id", 1]]
  [1m[36mReview Load (24.0ms)[0m  [1mSELECT "reviews".* FROM "reviews" WHERE "reviews"."rental_id" = ?[0m  [["rental_id", 1]]
  [1m[35mImage Load (0.2ms)[0m  SELECT "images".* FROM "images" WHERE "images"."rental_id" = ?  [["rental_id", 1]]
  Rendered reviews/_form.html.erb (122.6ms)
  Rendered images/_form.html.erb (28.0ms)
  Rendered rentals/show.html.erb within layouts/application (332.7ms)
  [1m[36mUser Load (0.1ms)[0m  [1mSELECT  "users".* FROM "users" WHERE "users"."id" = ?  ORDER BY "users"."id" ASC LIMIT 1[0m  [["id", 1]]
Completed 200 OK in 1220ms (Views: 1161.0ms | ActiveRecord: 24.5ms)


Started GET "/rentals/1" for 127.0.0.1 at 2016-10-03 12:10:15 -0700
Processing by RentalsController#show as HTML
  Parameters: {"id"=>"1"}
  [1m[35mRental Load (52.4ms)[0m  SELECT  "rentals".* FROM "rentals" WHERE "rentals"."id" = ? LIMIT 1  [["id", 1]]
  [1m[36mReview Load (0.2ms)[0m  [1mSELECT "reviews".* FROM "reviews" WHERE "reviews"."rental_id" = ?[0m  [["rental_id", 1]]
  [1m[35mImage Load (0.1ms)[0m  SELECT "images".* FROM "images" WHERE "images"."rental_id" = ?  [["rental_id", 1]]
  Rendered reviews/_form.html.erb (8.7ms)
  Rendered images/_form.html.erb (1.0ms)
  Rendered rentals/show.html.erb within layouts/application (13480.5ms)
  [1m[36mUser Load (0.2ms)[0m  [1mSELECT  "users".* FROM "users" WHERE "users"."id" = ?  ORDER BY "users"."id" ASC LIMIT 1[0m  [["id", 1]]
Completed 200 OK in 14697ms (Views: 14333.5ms | ActiveRecord: 53.0ms)


Started GET "/rentals/1" for 127.0.0.1 at 2016-10-03 12:10:40 -0700
Processing by RentalsController#show as HTML
  Parameters: {"id"=>"1"}
  [1m[35mRental Load (0.1ms)[0m  SELECT  "rentals".* FROM "rentals" WHERE "rentals"."id" = ? LIMIT 1  [["id", 1]]
  [1m[36mReview Load (0.1ms)[0m  [1mSELECT "reviews".* FROM "reviews" WHERE "reviews"."rental_id" = ?[0m  [["rental_id", 1]]
  [1m[35mImage Load (0.1ms)[0m  SELECT "images".* FROM "images" WHERE "images"."rental_id" = ?  [["rental_id", 1]]
  Rendered reviews/_form.html.erb (51.8ms)
  Rendered images/_form.html.erb (0.9ms)
  Rendered rentals/show.html.erb within layouts/application (82.4ms)
  [1m[36mUser Load (0.1ms)[0m  [1mSELECT  "users".* FROM "users" WHERE "users"."id" = ?  ORDER BY "users"."id" ASC LIMIT 1[0m  [["id", 1]]
Completed 200 OK in 411ms (Views: 327.0ms | ActiveRecord: 0.4ms)


Started GET "/" for 127.0.0.1 at 2016-10-03 12:29:02 -0700
  [1m[36mActiveRecord::SchemaMigration Load (0.4ms)[0m  [1mSELECT "schema_migrations".* FROM "schema_migrations"[0m
Processing by RentalsController#index as HTML
  [1m[35mRental Load (0.3ms)[0m  SELECT "rentals".* FROM "rentals"
  Rendered rentals/index.html.erb within layouts/application (86.4ms)
  [1m[36mUser Load (0.2ms)[0m  [1mSELECT  "users".* FROM "users" WHERE "users"."id" = ?  ORDER BY "users"."id" ASC LIMIT 1[0m  [["id", 1]]
Completed 200 OK in 3048ms (Views: 2919.6ms | ActiveRecord: 2.6ms)


Started GET "/rentals/1" for 127.0.0.1 at 2016-10-03 12:29:21 -0700
Processing by RentalsController#show as HTML
  Parameters: {"id"=>"1"}
  [1m[35mRental Load (0.3ms)[0m  SELECT  "rentals".* FROM "rentals" WHERE "rentals"."id" = ? LIMIT 1  [["id", 1]]
  [1m[36mReview Load (0.3ms)[0m  [1mSELECT "reviews".* FROM "reviews" WHERE "reviews"."rental_id" = ?[0m  [["rental_id", 1]]
  [1m[35mImage Load (0.1ms)[0m  SELECT "images".* FROM "images" WHERE "images"."rental_id" = ?  [["rental_id", 1]]
  Rendered reviews/_form.html.erb (130.3ms)
  Rendered images/_form.html.erb (29.3ms)
  Rendered rentals/show.html.erb within layouts/application (284.8ms)
  [1m[36mUser Load (0.1ms)[0m  [1mSELECT  "users".* FROM "users" WHERE "users"."id" = ?  ORDER BY "users"."id" ASC LIMIT 1[0m  [["id", 1]]
Completed 200 OK in 502ms (Views: 336.7ms | ActiveRecord: 1.5ms)
